<?xml version="1.0" encoding="UTF-8"?>
<testng-results skipped="0" failed="0" ignored="0" total="1" passed="1">
  <reporter-output>
  </reporter-output>
  <suite name="Default suite" duration-ms="2332" started-at="2022-11-06T22:58:49 IST" finished-at="2022-11-06T22:58:51 IST">
    <groups>
    </groups>
    <test name="Default test" duration-ms="2332" started-at="2022-11-06T22:58:49 IST" finished-at="2022-11-06T22:58:51 IST">
      <class name="Authentication.DigestAuthTest">
        <test-method status="PASS" signature="digestAuthTest()[pri:0, instance:Authentication.DigestAuthTest@1efed156]" name="digestAuthTest" duration-ms="2299" started-at="2022-11-06T22:58:49 IST" finished-at="2022-11-06T22:58:51 IST">
          <reporter-output>
          </reporter-output>
        </test-method> <!-- digestAuthTest -->
      </class> <!-- Authentication.DigestAuthTest -->
    </test> <!-- Default test -->
  </suite> <!-- Default suite -->
</testng-results>
